This file contains any messages produced by compilers while
running configure, to aid debugging if configure makes a mistake.

It was created by mysql++ configure 3.2.5, which was
generated by GNU Autoconf 2.69.  Invocation command line was

  $ ./configure 

## --------- ##
## Platform. ##
## --------- ##

hostname = debian
uname -m = x86_64
uname -r = 4.19.0-6-amd64
uname -s = Linux
uname -v = #1 SMP Debian 4.19.67-2+deb10u2 (2019-11-11)

/usr/bin/uname -p = unknown
/bin/uname -X     = unknown

/bin/arch              = x86_64
/usr/bin/arch -k       = unknown
/usr/convex/getsysinfo = unknown
/usr/bin/hostinfo      = unknown
/bin/machine           = unknown
/usr/bin/oslevel       = unknown
/bin/universe          = unknown

PATH: /usr/local/sbin
PATH: /usr/local/bin
PATH: /usr/sbin
PATH: /usr/bin
PATH: /sbin
PATH: /bin


## ----------- ##
## Core tests. ##
## ----------- ##

configure:2414: checking build system type
configure:2428: result: x86_64-pc-linux-gnu
configure:2448: checking host system type
configure:2461: result: x86_64-pc-linux-gnu
configure:2481: checking target system type
configure:2494: result: x86_64-pc-linux-gnu
configure:2570: checking how to print strings
configure:2597: result: printf
configure:2666: checking for gcc
configure:2682: found /usr/bin/gcc
configure:2693: result: gcc
configure:2922: checking for C compiler version
configure:2931: gcc --version >&5
gcc (Debian 8.3.0-6) 8.3.0
Copyright (C) 2018 Free Software Foundation, Inc.
This is free software; see the source for copying conditions.  There is NO
warranty; not even for MERCHANTABILITY or FITNESS FOR A PARTICULAR PURPOSE.

configure:2942: $? = 0
configure:2931: gcc -v >&5
Using built-in specs.
COLLECT_GCC=gcc
COLLECT_LTO_WRAPPER=/usr/lib/gcc/x86_64-linux-gnu/8/lto-wrapper
OFFLOAD_TARGET_NAMES=nvptx-none
OFFLOAD_TARGET_DEFAULT=1
Target: x86_64-linux-gnu
Configured with: ../src/configure -v --with-pkgversion='Debian 8.3.0-6' --with-bugurl=file:///usr/share/doc/gcc-8/README.Bugs --enable-languages=c,ada,c++,go,brig,d,fortran,objc,obj-c++ --prefix=/usr --with-gcc-major-version-only --program-suffix=-8 --program-prefix=x86_64-linux-gnu- --enable-shared --enable-linker-build-id --libexecdir=/usr/lib --without-included-gettext --enable-threads=posix --libdir=/usr/lib --enable-nls --enable-bootstrap --enable-clocale=gnu --enable-libstdcxx-debug --enable-libstdcxx-time=yes --with-default-libstdcxx-abi=new --enable-gnu-unique-object --disable-vtable-verify --enable-libmpx --enable-plugin --enable-default-pie --with-system-zlib --with-target-system-zlib --enable-objc-gc=auto --enable-multiarch --disable-werror --with-arch-32=i686 --with-abi=m64 --with-multilib-list=m32,m64,mx32 --enable-multilib --with-tune=generic --enable-offload-targets=nvptx-none --without-cuda-driver --enable-checking=release --build=x86_64-linux-gnu --host=x86_64-linux-gnu --target=x86_64-linux-gnu
Thread model: posix
gcc version 8.3.0 (Debian 8.3.0-6) 
configure:2942: $? = 0
configure:2931: gcc -V >&5
gcc: error: unrecognized command line option '-V'
gcc: fatal error: no input files
compilation terminated.
configure:2942: $? = 1
configure:2931: gcc -qversion >&5
gcc: error: unrecognized command line option '-qversion'; did you mean '--version'?
gcc: fatal error: no input files
compilation terminated.
configure:2942: $? = 1
configure:2962: checking whether the C compiler works
configure:2984: gcc    conftest.c  >&5
configure:2988: $? = 0
configure:3036: result: yes
configure:3039: checking for C compiler default output file name
configure:3041: result: a.out
configure:3047: checking for suffix of executables
configure:3054: gcc -o conftest    conftest.c  >&5
configure:3058: $? = 0
configure:3080: result: 
configure:3102: checking whether we are cross compiling
configure:3110: gcc -o conftest    conftest.c  >&5
configure:3114: $? = 0
configure:3121: ./conftest
configure:3125: $? = 0
configure:3113: result: no
configure:3118: checking for suffix of object files
configure:3140: gcc -c   conftest.c >&5
configure:3144: $? = 0
configure:3165: result: o
configure:3169: checking whether we are using the GNU C compiler
configure:3188: gcc -c   conftest.c >&5
configure:3188: $? = 0
configure:3197: result: yes
configure:3206: checking whether gcc accepts -g
configure:3226: gcc -c -g  conftest.c >&5
configure:3226: $? = 0
configure:3267: result: yes
configure:3284: checking for gcc option to accept ISO C89
configure:3347: gcc  -c -g -O2  conftest.c >&5
configure:3347: $? = 0
configure:3360: result: none needed
configure:3380: checking for a sed that does not truncate output
configure:3444: result: /usr/bin/sed
configure:3462: checking for grep that handles long lines and -e
configure:3520: result: /usr/bin/grep
configure:3525: checking for egrep
configure:3587: result: /usr/bin/grep -E
configure:3592: checking for fgrep
configure:3654: result: /usr/bin/grep -F
configure:3689: checking for ld used by gcc
configure:3756: result: /usr/bin/ld
configure:3763: checking if the linker (/usr/bin/ld) is GNU ld
configure:3778: result: yes
configure:3790: checking for BSD- or MS-compatible name lister (nm)
configure:3844: result: /usr/bin/nm -B
configure:3974: checking the name lister (/usr/bin/nm -B) interface
configure:3981: gcc -c -g -O2  conftest.c >&5
configure:3984: /usr/bin/nm -B "conftest.o"
configure:3987: output
0000000000000000 B some_variable
configure:3988: result: BSD nm
configure:3991: checking whether ln -s works
configure:3995: result: yes
configure:4003: checking the maximum length of command line arguments
configure:4134: result: 1572864
configure:4182: checking how to convert x86_64-pc-linux-gnu file names to x86_64-pc-linux-gnu format
configure:4222: result: func_convert_file_noop
configure:4229: checking how to convert x86_64-pc-linux-gnu file names to toolchain format
configure:4249: result: func_convert_file_noop
configure:4256: checking for /usr/bin/ld option to reload object files
configure:4263: result: -r
configure:4337: checking for objdump
configure:4353: found /usr/bin/objdump
configure:4364: result: objdump
configure:4396: checking how to recognize dependent libraries
configure:4596: result: pass_all
configure:4681: checking for dlltool
configure:4711: result: no
configure:4741: checking how to associate runtime and link libraries
configure:4768: result: printf %s\n
configure:4829: checking for ar
configure:4845: found /usr/bin/ar
configure:4856: result: ar
configure:4893: checking for archiver @FILE support
configure:4910: gcc -c -g -O2  conftest.c >&5
configure:4910: $? = 0
configure:4913: ar cru libconftest.a @conftest.lst >&5
ar: `u' modifier ignored since `D' is the default (see `U')
configure:4916: $? = 0
configure:4921: ar cru libconftest.a @conftest.lst >&5
ar: `u' modifier ignored since `D' is the default (see `U')
ar: conftest.o: No such file or directory
configure:4924: $? = 1
configure:4923: result: @
configure:4981: checking for strip
configure:4997: found /usr/bin/strip
configure:5008: result: strip
configure:5080: checking for ranlib
configure:5096: found /usr/bin/ranlib
configure:5107: result: ranlib
configure:5184: checking for gawk
configure:5200: found /usr/bin/gawk
configure:5211: result: gawk
configure:5251: checking command to parse /usr/bin/nm -B output from gcc object
configure:5404: gcc -c -g -O2  conftest.c >&5
configure:5407: $? = 0
configure:5411: /usr/bin/nm -B conftest.o \| sed -n -e 's/^.*[ ]\([ABCDGIRSTW][ABCDGIRSTW]*\)[ ][ ]*\([_A-Za-z][_A-Za-z0-9]*\)$/\1 \2 \2/p' | sed '/ __gnu_lto/d' \> conftest.nm
configure:5414: $? = 0
configure:5480: gcc -o conftest -g -O2   conftest.c conftstm.o >&5
configure:5483: $? = 0
configure:5521: result: ok
configure:5568: checking for sysroot
configure:5598: result: no
configure:5605: checking for a working dd
configure:5643: result: /usr/bin/dd
configure:5647: checking how to truncate binary pipes
configure:5662: result: /usr/bin/dd bs=4096 count=1
configure:5798: gcc -c -g -O2  conftest.c >&5
configure:5801: $? = 0
configure:5991: checking for mt
configure:6007: found /usr/bin/mt
configure:6018: result: mt
configure:6041: checking if mt is a manifest tool
configure:6047: mt '-?'
configure:6055: result: no
configure:6732: checking how to run the C preprocessor
configure:6763: gcc -E  conftest.c
configure:6763: $? = 0
configure:6777: gcc -E  conftest.c
conftest.c:9:10: fatal error: ac_nonexistent.h: No such file or directory
 #include <ac_nonexistent.h>
          ^~~~~~~~~~~~~~~~~~
compilation terminated.
configure:6777: $? = 1
configure: failed program was:
| /* confdefs.h */
| #define PACKAGE_NAME "mysql++"
| #define PACKAGE_TARNAME "mysql++"
| #define PACKAGE_VERSION "3.2.5"
| #define PACKAGE_STRING "mysql++ 3.2.5"
| #define PACKAGE_BUGREPORT "plusplus@lists.mysql.com"
| #define PACKAGE_URL ""
| /* end confdefs.h.  */
| #include <ac_nonexistent.h>
configure:6802: result: gcc -E
configure:6822: gcc -E  conftest.c
configure:6822: $? = 0
configure:6836: gcc -E  conftest.c
conftest.c:9:10: fatal error: ac_nonexistent.h: No such file or directory
 #include <ac_nonexistent.h>
          ^~~~~~~~~~~~~~~~~~
compilation terminated.
configure:6836: $? = 1
configure: failed program was:
| /* confdefs.h */
| #define PACKAGE_NAME "mysql++"
| #define PACKAGE_TARNAME "mysql++"
| #define PACKAGE_VERSION "3.2.5"
| #define PACKAGE_STRING "mysql++ 3.2.5"
| #define PACKAGE_BUGREPORT "plusplus@lists.mysql.com"
| #define PACKAGE_URL ""
| /* end confdefs.h.  */
| #include <ac_nonexistent.h>
configure:6865: checking for ANSI C header files
configure:6885: gcc -c -g -O2  conftest.c >&5
configure:6885: $? = 0
configure:6958: gcc -o conftest -g -O2   conftest.c  >&5
configure:6958: $? = 0
configure:6958: ./conftest
configure:6958: $? = 0
configure:6969: result: yes
configure:6982: checking for sys/types.h
configure:6982: gcc -c -g -O2  conftest.c >&5
configure:6982: $? = 0
configure:6982: result: yes
configure:6982: checking for sys/stat.h
configure:6982: gcc -c -g -O2  conftest.c >&5
configure:6982: $? = 0
configure:6982: result: yes
configure:6982: checking for stdlib.h
configure:6982: gcc -c -g -O2  conftest.c >&5
configure:6982: $? = 0
configure:6982: result: yes
configure:6982: checking for string.h
configure:6982: gcc -c -g -O2  conftest.c >&5
configure:6982: $? = 0
configure:6982: result: yes
configure:6982: checking for memory.h
configure:6982: gcc -c -g -O2  conftest.c >&5
configure:6982: $? = 0
configure:6982: result: yes
configure:6982: checking for strings.h
configure:6982: gcc -c -g -O2  conftest.c >&5
configure:6982: $? = 0
configure:6982: result: yes
configure:6982: checking for inttypes.h
configure:6982: gcc -c -g -O2  conftest.c >&5
configure:6982: $? = 0
configure:6982: result: yes
configure:6982: checking for stdint.h
configure:6982: gcc -c -g -O2  conftest.c >&5
configure:6982: $? = 0
configure:6982: result: yes
configure:6982: checking for unistd.h
configure:6982: gcc -c -g -O2  conftest.c >&5
configure:6982: $? = 0
configure:6982: result: yes
configure:6996: checking for dlfcn.h
configure:6996: gcc -c -g -O2  conftest.c >&5
configure:6996: $? = 0
configure:6996: result: yes
configure:7252: checking for objdir
configure:7267: result: .libs
configure:7527: checking if gcc supports -fno-rtti -fno-exceptions
configure:7545: gcc -c -g -O2  -fno-rtti -fno-exceptions conftest.c >&5
cc1: warning: command line option '-fno-rtti' is valid for C++/ObjC++ but not for C
configure:7549: $? = 0
configure:7562: result: no
configure:7920: checking for gcc option to produce PIC
configure:7927: result: -fPIC -DPIC
configure:7935: checking if gcc PIC flag -fPIC -DPIC works
configure:7953: gcc -c -g -O2  -fPIC -DPIC -DPIC conftest.c >&5
configure:7957: $? = 0
configure:7970: result: yes
configure:7999: checking if gcc static flag -static works
configure:8027: result: yes
configure:8042: checking if gcc supports -c -o file.o
configure:8063: gcc -c -g -O2  -o out/conftest2.o conftest.c >&5
configure:8067: $? = 0
configure:8089: result: yes
configure:8097: checking if gcc supports -c -o file.o
configure:8144: result: yes
configure:8177: checking whether the gcc linker (/usr/bin/ld -m elf_x86_64) supports shared libraries
configure:9436: result: yes
configure:9473: checking whether -lc should be explicitly linked in
configure:9481: gcc -c -g -O2  conftest.c >&5
configure:9484: $? = 0
configure:9499: gcc -shared  -fPIC -DPIC conftest.o  -v -Wl,-soname -Wl,conftest -o conftest 2\>\&1 \| /usr/bin/grep  -lc  \>/dev/null 2\>\&1
configure:9502: $? = 0
configure:9516: result: no
configure:9676: checking dynamic linker characteristics
configure:10257: gcc -o conftest -g -O2   -Wl,-rpath -Wl,/foo conftest.c  >&5
configure:10257: $? = 0
configure:10494: result: GNU/Linux ld.so
configure:10616: checking how to hardcode library paths into programs
configure:10641: result: immediate
configure:11189: checking whether stripping libraries is possible
configure:11194: result: yes
configure:11229: checking if libtool supports shared libraries
configure:11231: result: yes
configure:11234: checking whether to build shared libraries
configure:11259: result: yes
configure:11262: checking whether to build static libraries
configure:11266: result: yes
configure:8156: checking for gcc
configure:8183: result: gcc
configure:8412: checking for C compiler version
configure:8421: gcc --version >&5
gcc (Debian 8.3.0-6) 8.3.0
Copyright (C) 2018 Free Software Foundation, Inc.
This is free software; see the source for copying conditions.  There is NO
warranty; not even for MERCHANTABILITY or FITNESS FOR A PARTICULAR PURPOSE.

configure:8432: $? = 0
configure:8421: gcc -v >&5
Using built-in specs.
COLLECT_GCC=gcc
COLLECT_LTO_WRAPPER=/usr/lib/gcc/x86_64-linux-gnu/8/lto-wrapper
OFFLOAD_TARGET_NAMES=nvptx-none
OFFLOAD_TARGET_DEFAULT=1
Target: x86_64-linux-gnu
Configured with: ../src/configure -v --with-pkgversion='Debian 8.3.0-6' --with-bugurl=file:///usr/share/doc/gcc-8/README.Bugs --enable-languages=c,ada,c++,go,brig,d,fortran,objc,obj-c++ --prefix=/usr --with-gcc-major-version-only --program-suffix=-8 --program-prefix=x86_64-linux-gnu- --enable-shared --enable-linker-build-id --libexecdir=/usr/lib --without-included-gettext --enable-threads=posix --libdir=/usr/lib --enable-nls --enable-bootstrap --enable-clocale=gnu --enable-libstdcxx-debug --enable-libstdcxx-time=yes --with-default-libstdcxx-abi=new --enable-gnu-unique-object --disable-vtable-verify --enable-libmpx --enable-plugin --enable-default-pie --with-system-zlib --with-target-system-zlib --enable-objc-gc=auto --enable-multiarch --disable-werror --with-arch-32=i686 --with-abi=m64 --with-multilib-list=m32,m64,mx32 --enable-multilib --with-tune=generic --enable-offload-targets=nvptx-none --without-cuda-driver --enable-checking=release --build=x86_64-linux-gnu --host=x86_64-linux-gnu --target=x86_64-linux-gnu
Thread model: posix
gcc version 8.3.0 (Debian 8.3.0-6) 
configure:8432: $? = 0
configure:8421: gcc -V >&5
gcc: error: unrecognized command line option '-V'
gcc: fatal error: no input files
compilation terminated.
configure:8432: $? = 1
configure:8421: gcc -qversion >&5
gcc: error: unrecognized command line option '-qversion'; did you mean '--version'?
gcc: fatal error: no input files
compilation terminated.
configure:8432: $? = 1
configure:8436: checking whether we are using the GNU C compiler
configure:8464: result: yes
configure:8473: checking whether gcc accepts -g
configure:8534: result: yes
configure:8551: checking for gcc option to accept ISO C89
configure:8627: result: none needed
configure:8647: checking for ANSI C header files
configure:8751: result: yes
configure:9162: checking for getopt
configure:9162: gcc -o conftest -g -O2   conftest.c  >&5
configure:9162: $? = 0
configure:9162: result: yes
configure:9216: checking whether -lm is needed to use C math functions
configure:9232: gcc -o conftest -g -O2   conftest.c  >&5
configure:9232: $? = 0
configure:9233: result: no
configure:9275: checking whether -lsocket is needed
configure:9294: gcc -o conftest -g -O2   conftest.c  >&5
configure:9294: $? = 0
configure:9295: result: no
configure:9335: checking whether -lnsl is needed
configure:9349: gcc -o conftest -g -O2   conftest.c  >&5
configure:9349: $? = 0
configure:9350: result: no
configure:9429: checking for MySQL include directory
configure:9451: result: /usr/local/mysql/include
configure:9458: checking for MySQL C API library directory
configure:9482: gcc -o conftest -g -O2  -I/usr/local/mysql/include  -L/usr/lib64 conftest.c  -lmysqlclient >&5
/usr/bin/ld: cannot find -lmysqlclient
collect2: error: ld returned 1 exit status
configure:9482: $? = 1
configure: failed program was:
| /* confdefs.h */
| #define PACKAGE_NAME "mysql++"
| #define PACKAGE_TARNAME "mysql++"
| #define PACKAGE_VERSION "3.2.5"
| #define PACKAGE_STRING "mysql++ 3.2.5"
| #define PACKAGE_BUGREPORT "plusplus@lists.mysql.com"
| #define PACKAGE_URL ""
| #define STDC_HEADERS 1
| #define HAVE_SYS_TYPES_H 1
| #define HAVE_SYS_STAT_H 1
| #define HAVE_STDLIB_H 1
| #define HAVE_STRING_H 1
| #define HAVE_MEMORY_H 1
| #define HAVE_STRINGS_H 1
| #define HAVE_INTTYPES_H 1
| #define HAVE_STDINT_H 1
| #define HAVE_UNISTD_H 1
| #define HAVE_DLFCN_H 1
| #define LT_OBJDIR ".libs/"
| #define STDC_HEADERS 1
| #define HAVE_POSIX_GETOPT /**/
| /* end confdefs.h.  */
|  #include <mysql.h>
| int
| main ()
| {
|  mysql_store_result(0);
|   ;
|   return 0;
| }
configure:9501: gcc -o conftest -g -O2  -I/usr/local/mysql/include  -L/usr/lib64 conftest.c  -lmysqlclient -lz >&5
/usr/bin/ld: cannot find -lmysqlclient
collect2: error: ld returned 1 exit status
configure:9501: $? = 1
configure: failed program was:
| /* confdefs.h */
| #define PACKAGE_NAME "mysql++"
| #define PACKAGE_TARNAME "mysql++"
| #define PACKAGE_VERSION "3.2.5"
| #define PACKAGE_STRING "mysql++ 3.2.5"
| #define PACKAGE_BUGREPORT "plusplus@lists.mysql.com"
| #define PACKAGE_URL ""
| #define STDC_HEADERS 1
| #define HAVE_SYS_TYPES_H 1
| #define HAVE_SYS_STAT_H 1
| #define HAVE_STDLIB_H 1
| #define HAVE_STRING_H 1
| #define HAVE_MEMORY_H 1
| #define HAVE_STRINGS_H 1
| #define HAVE_INTTYPES_H 1
| #define HAVE_STDINT_H 1
| #define HAVE_UNISTD_H 1
| #define HAVE_DLFCN_H 1
| #define LT_OBJDIR ".libs/"
| #define STDC_HEADERS 1
| #define HAVE_POSIX_GETOPT /**/
| /* end confdefs.h.  */
|  #include <mysql.h>
| int
| main ()
| {
|  mysql_store_result(0);
|   ;
|   return 0;
| }
configure:9482: gcc -o conftest -g -O2  -I/usr/local/mysql/include  -L/usr/lib conftest.c  -lmysqlclient >&5
/usr/bin/ld: cannot find -lmysqlclient
collect2: error: ld returned 1 exit status
configure:9482: $? = 1
configure: failed program was:
| /* confdefs.h */
| #define PACKAGE_NAME "mysql++"
| #define PACKAGE_TARNAME "mysql++"
| #define PACKAGE_VERSION "3.2.5"
| #define PACKAGE_STRING "mysql++ 3.2.5"
| #define PACKAGE_BUGREPORT "plusplus@lists.mysql.com"
| #define PACKAGE_URL ""
| #define STDC_HEADERS 1
| #define HAVE_SYS_TYPES_H 1
| #define HAVE_SYS_STAT_H 1
| #define HAVE_STDLIB_H 1
| #define HAVE_STRING_H 1
| #define HAVE_MEMORY_H 1
| #define HAVE_STRINGS_H 1
| #define HAVE_INTTYPES_H 1
| #define HAVE_STDINT_H 1
| #define HAVE_UNISTD_H 1
| #define HAVE_DLFCN_H 1
| #define LT_OBJDIR ".libs/"
| #define STDC_HEADERS 1
| #define HAVE_POSIX_GETOPT /**/
| /* end confdefs.h.  */
|  #include <mysql.h>
| int
| main ()
| {
|  mysql_store_result(0);
|   ;
|   return 0;
| }
configure:9501: gcc -o conftest -g -O2  -I/usr/local/mysql/include  -L/usr/lib conftest.c  -lmysqlclient -lz >&5
/usr/bin/ld: cannot find -lmysqlclient
collect2: error: ld returned 1 exit status
configure:9501: $? = 1
configure: failed program was:
| /* confdefs.h */
| #define PACKAGE_NAME "mysql++"
| #define PACKAGE_TARNAME "mysql++"
| #define PACKAGE_VERSION "3.2.5"
| #define PACKAGE_STRING "mysql++ 3.2.5"
| #define PACKAGE_BUGREPORT "plusplus@lists.mysql.com"
| #define PACKAGE_URL ""
| #define STDC_HEADERS 1
| #define HAVE_SYS_TYPES_H 1
| #define HAVE_SYS_STAT_H 1
| #define HAVE_STDLIB_H 1
| #define HAVE_STRING_H 1
| #define HAVE_MEMORY_H 1
| #define HAVE_STRINGS_H 1
| #define HAVE_INTTYPES_H 1
| #define HAVE_STDINT_H 1
| #define HAVE_UNISTD_H 1
| #define HAVE_DLFCN_H 1
| #define LT_OBJDIR ".libs/"
| #define STDC_HEADERS 1
| #define HAVE_POSIX_GETOPT /**/
| /* end confdefs.h.  */
|  #include <mysql.h>
| int
| main ()
| {
|  mysql_store_result(0);
|   ;
|   return 0;
| }
configure:9482: gcc -o conftest -g -O2  -I/usr/local/mysql/include  -L/usr/local/lib conftest.c  -lmysqlclient >&5
/usr/bin/ld: cannot find -lmysqlclient
collect2: error: ld returned 1 exit status
configure:9482: $? = 1
configure: failed program was:
| /* confdefs.h */
| #define PACKAGE_NAME "mysql++"
| #define PACKAGE_TARNAME "mysql++"
| #define PACKAGE_VERSION "3.2.5"
| #define PACKAGE_STRING "mysql++ 3.2.5"
| #define PACKAGE_BUGREPORT "plusplus@lists.mysql.com"
| #define PACKAGE_URL ""
| #define STDC_HEADERS 1
| #define HAVE_SYS_TYPES_H 1
| #define HAVE_SYS_STAT_H 1
| #define HAVE_STDLIB_H 1
| #define HAVE_STRING_H 1
| #define HAVE_MEMORY_H 1
| #define HAVE_STRINGS_H 1
| #define HAVE_INTTYPES_H 1
| #define HAVE_STDINT_H 1
| #define HAVE_UNISTD_H 1
| #define HAVE_DLFCN_H 1
| #define LT_OBJDIR ".libs/"
| #define STDC_HEADERS 1
| #define HAVE_POSIX_GETOPT /**/
| /* end confdefs.h.  */
|  #include <mysql.h>
| int
| main ()
| {
|  mysql_store_result(0);
|   ;
|   return 0;
| }
configure:9501: gcc -o conftest -g -O2  -I/usr/local/mysql/include  -L/usr/local/lib conftest.c  -lmysqlclient -lz >&5
/usr/bin/ld: cannot find -lmysqlclient
collect2: error: ld returned 1 exit status
configure:9501: $? = 1
configure: failed program was:
| /* confdefs.h */
| #define PACKAGE_NAME "mysql++"
| #define PACKAGE_TARNAME "mysql++"
| #define PACKAGE_VERSION "3.2.5"
| #define PACKAGE_STRING "mysql++ 3.2.5"
| #define PACKAGE_BUGREPORT "plusplus@lists.mysql.com"
| #define PACKAGE_URL ""
| #define STDC_HEADERS 1
| #define HAVE_SYS_TYPES_H 1
| #define HAVE_SYS_STAT_H 1
| #define HAVE_STDLIB_H 1
| #define HAVE_STRING_H 1
| #define HAVE_MEMORY_H 1
| #define HAVE_STRINGS_H 1
| #define HAVE_INTTYPES_H 1
| #define HAVE_STDINT_H 1
| #define HAVE_UNISTD_H 1
| #define HAVE_DLFCN_H 1
| #define LT_OBJDIR ".libs/"
| #define STDC_HEADERS 1
| #define HAVE_POSIX_GETOPT /**/
| /* end confdefs.h.  */
|  #include <mysql.h>
| int
| main ()
| {
|  mysql_store_result(0);
|   ;
|   return 0;
| }
configure:9482: gcc -o conftest -g -O2  -I/usr/local/mysql/include  -L/usr/local/mysql/lib conftest.c  -lmysqlclient >&5
configure:9482: $? = 0
configure:9483: result: /usr/local/mysql/lib
configure:9542: checking for mysql_ssl_set in -lmysqlclient
configure:9567: gcc -o conftest -g -O2   conftest.c -lmysqlclient   >&5
/usr/bin/ld: cannot find -lmysqlclient
collect2: error: ld returned 1 exit status
configure:9567: $? = 1
configure: failed program was:
| /* confdefs.h */
| #define PACKAGE_NAME "mysql++"
| #define PACKAGE_TARNAME "mysql++"
| #define PACKAGE_VERSION "3.2.5"
| #define PACKAGE_STRING "mysql++ 3.2.5"
| #define PACKAGE_BUGREPORT "plusplus@lists.mysql.com"
| #define PACKAGE_URL ""
| #define STDC_HEADERS 1
| #define HAVE_SYS_TYPES_H 1
| #define HAVE_SYS_STAT_H 1
| #define HAVE_STDLIB_H 1
| #define HAVE_STRING_H 1
| #define HAVE_MEMORY_H 1
| #define HAVE_STRINGS_H 1
| #define HAVE_INTTYPES_H 1
| #define HAVE_STDINT_H 1
| #define HAVE_UNISTD_H 1
| #define HAVE_DLFCN_H 1
| #define LT_OBJDIR ".libs/"
| #define STDC_HEADERS 1
| #define HAVE_POSIX_GETOPT /**/
| /* end confdefs.h.  */
| 
| /* Override any GCC internal prototype to avoid an error.
|    Use char because int might match the return type of a GCC
|    builtin and then its argument prototype would still apply.  */
| #ifdef __cplusplus
| extern "C"
| #endif
| char mysql_ssl_set ();
| int
| main ()
| {
| return mysql_ssl_set ();
|   ;
|   return 0;
| }
configure:9577: result: no
configure:9588: checking for localtime_r()
configure:9607: gcc -o conftest -g -O2   conftest.c  >&5
configure:9607: $? = 0
configure:9607: ./conftest
configure:9607: $? = 0
configure:9617: result: yes
configure:9626: checking for main in -lintl
configure:9645: gcc -o conftest -g -O2   conftest.c -lintl   >&5
/usr/bin/ld: cannot find -lintl
collect2: error: ld returned 1 exit status
configure:9645: $? = 1
configure: failed program was:
| /* confdefs.h */
| #define PACKAGE_NAME "mysql++"
| #define PACKAGE_TARNAME "mysql++"
| #define PACKAGE_VERSION "3.2.5"
| #define PACKAGE_STRING "mysql++ 3.2.5"
| #define PACKAGE_BUGREPORT "plusplus@lists.mysql.com"
| #define PACKAGE_URL ""
| #define STDC_HEADERS 1
| #define HAVE_SYS_TYPES_H 1
| #define HAVE_SYS_STAT_H 1
| #define HAVE_STDLIB_H 1
| #define HAVE_STRING_H 1
| #define HAVE_MEMORY_H 1
| #define HAVE_STRINGS_H 1
| #define HAVE_INTTYPES_H 1
| #define HAVE_STDINT_H 1
| #define HAVE_UNISTD_H 1
| #define HAVE_DLFCN_H 1
| #define LT_OBJDIR ".libs/"
| #define STDC_HEADERS 1
| #define HAVE_POSIX_GETOPT /**/
| #define HAVE_LOCALTIME_R 1
| /* end confdefs.h.  */
| 
| 
| int
| main ()
| {
| return main ();
|   ;
|   return 0;
| }
configure:9654: result: no
configure:9736: checking for g++
configure:9752: found /usr/bin/g++
configure:9763: result: g++
configure:9790: checking for C++ compiler version
configure:9799: g++ --version >&5
g++ (Debian 8.3.0-6) 8.3.0
Copyright (C) 2018 Free Software Foundation, Inc.
This is free software; see the source for copying conditions.  There is NO
warranty; not even for MERCHANTABILITY or FITNESS FOR A PARTICULAR PURPOSE.

configure:9810: $? = 0
configure:9799: g++ -v >&5
Using built-in specs.
COLLECT_GCC=g++
COLLECT_LTO_WRAPPER=/usr/lib/gcc/x86_64-linux-gnu/8/lto-wrapper
OFFLOAD_TARGET_NAMES=nvptx-none
OFFLOAD_TARGET_DEFAULT=1
Target: x86_64-linux-gnu
Configured with: ../src/configure -v --with-pkgversion='Debian 8.3.0-6' --with-bugurl=file:///usr/share/doc/gcc-8/README.Bugs --enable-languages=c,ada,c++,go,brig,d,fortran,objc,obj-c++ --prefix=/usr --with-gcc-major-version-only --program-suffix=-8 --program-prefix=x86_64-linux-gnu- --enable-shared --enable-linker-build-id --libexecdir=/usr/lib --without-included-gettext --enable-threads=posix --libdir=/usr/lib --enable-nls --enable-bootstrap --enable-clocale=gnu --enable-libstdcxx-debug --enable-libstdcxx-time=yes --with-default-libstdcxx-abi=new --enable-gnu-unique-object --disable-vtable-verify --enable-libmpx --enable-plugin --enable-default-pie --with-system-zlib --with-target-system-zlib --enable-objc-gc=auto --enable-multiarch --disable-werror --with-arch-32=i686 --with-abi=m64 --with-multilib-list=m32,m64,mx32 --enable-multilib --with-tune=generic --enable-offload-targets=nvptx-none --without-cuda-driver --enable-checking=release --build=x86_64-linux-gnu --host=x86_64-linux-gnu --target=x86_64-linux-gnu
Thread model: posix
gcc version 8.3.0 (Debian 8.3.0-6) 
configure:9810: $? = 0
configure:9799: g++ -V >&5
g++: error: unrecognized command line option '-V'
g++: fatal error: no input files
compilation terminated.
configure:9810: $? = 1
configure:9799: g++ -qversion >&5
g++: error: unrecognized command line option '-qversion'; did you mean '--version'?
g++: fatal error: no input files
compilation terminated.
configure:9810: $? = 1
configure:9814: checking whether we are using the GNU C++ compiler
configure:9833: g++ -c   conftest.cpp >&5
configure:9833: $? = 0
configure:9842: result: yes
configure:9851: checking whether g++ accepts -g
configure:9871: g++ -c -g  conftest.cpp >&5
configure:9871: $? = 0
configure:9912: result: yes
configure:9953: checking how to run the C++ preprocessor
configure:9980: g++ -E  conftest.cpp
configure:9980: $? = 0
configure:9994: g++ -E  conftest.cpp
conftest.cpp:24:10: fatal error: ac_nonexistent.h: No such file or directory
 #include <ac_nonexistent.h>
          ^~~~~~~~~~~~~~~~~~
compilation terminated.
configure:9994: $? = 1
configure: failed program was:
| /* confdefs.h */
| #define PACKAGE_NAME "mysql++"
| #define PACKAGE_TARNAME "mysql++"
| #define PACKAGE_VERSION "3.2.5"
| #define PACKAGE_STRING "mysql++ 3.2.5"
| #define PACKAGE_BUGREPORT "plusplus@lists.mysql.com"
| #define PACKAGE_URL ""
| #define STDC_HEADERS 1
| #define HAVE_SYS_TYPES_H 1
| #define HAVE_SYS_STAT_H 1
| #define HAVE_STDLIB_H 1
| #define HAVE_STRING_H 1
| #define HAVE_MEMORY_H 1
| #define HAVE_STRINGS_H 1
| #define HAVE_INTTYPES_H 1
| #define HAVE_STDINT_H 1
| #define HAVE_UNISTD_H 1
| #define HAVE_DLFCN_H 1
| #define LT_OBJDIR ".libs/"
| #define STDC_HEADERS 1
| #define HAVE_POSIX_GETOPT /**/
| #define HAVE_LOCALTIME_R 1
| /* end confdefs.h.  */
| #include <ac_nonexistent.h>
configure:10019: result: g++ -E
configure:10039: g++ -E  conftest.cpp
configure:10039: $? = 0
configure:10053: g++ -E  conftest.cpp
conftest.cpp:24:10: fatal error: ac_nonexistent.h: No such file or directory
 #include <ac_nonexistent.h>
          ^~~~~~~~~~~~~~~~~~
compilation terminated.
configure:10053: $? = 1
configure: failed program was:
| /* confdefs.h */
| #define PACKAGE_NAME "mysql++"
| #define PACKAGE_TARNAME "mysql++"
| #define PACKAGE_VERSION "3.2.5"
| #define PACKAGE_STRING "mysql++ 3.2.5"
| #define PACKAGE_BUGREPORT "plusplus@lists.mysql.com"
| #define PACKAGE_URL ""
| #define STDC_HEADERS 1
| #define HAVE_SYS_TYPES_H 1
| #define HAVE_SYS_STAT_H 1
| #define HAVE_STDLIB_H 1
| #define HAVE_STRING_H 1
| #define HAVE_MEMORY_H 1
| #define HAVE_STRINGS_H 1
| #define HAVE_INTTYPES_H 1
| #define HAVE_STDINT_H 1
| #define HAVE_UNISTD_H 1
| #define HAVE_DLFCN_H 1
| #define LT_OBJDIR ".libs/"
| #define STDC_HEADERS 1
| #define HAVE_POSIX_GETOPT /**/
| #define HAVE_LOCALTIME_R 1
| /* end confdefs.h.  */
| #include <ac_nonexistent.h>
configure:10215: checking for ld used by g++
configure:10282: result: /usr/bin/ld -m elf_x86_64
configure:10289: checking if the linker (/usr/bin/ld -m elf_x86_64) is GNU ld
configure:10304: result: yes
configure:10359: checking whether the g++ linker (/usr/bin/ld -m elf_x86_64) supports shared libraries
configure:11432: result: yes
configure:11468: g++ -c -g -O2  conftest.cpp >&5
configure:11471: $? = 0
configure:11952: checking for g++ option to produce PIC
configure:11959: result: -fPIC -DPIC
configure:11967: checking if g++ PIC flag -fPIC -DPIC works
configure:11985: g++ -c -g -O2  -fPIC -DPIC -DPIC conftest.cpp >&5
configure:11989: $? = 0
configure:12002: result: yes
configure:12025: checking if g++ static flag -static works
configure:12053: result: yes
configure:12065: checking if g++ supports -c -o file.o
configure:12086: g++ -c -g -O2  -o out/conftest2.o conftest.cpp >&5
configure:12090: $? = 0
configure:12112: result: yes
configure:12117: checking if g++ supports -c -o file.o
configure:12164: result: yes
configure:12194: checking whether the g++ linker (/usr/bin/ld -m elf_x86_64) supports shared libraries
configure:12234: result: yes
configure:12375: checking dynamic linker characteristics
configure:13120: result: GNU/Linux ld.so
configure:13185: checking how to hardcode library paths into programs
configure:13210: result: immediate
configure:12103: checking for STL slist extension
configure:12117: g++ -c -g -O2  conftest.cpp >&5
conftest.cpp:24:10: fatal error: slist: No such file or directory
 #include <slist>
          ^~~~~~~
compilation terminated.
configure:12117: $? = 1
configure: failed program was:
| /* confdefs.h */
| #define PACKAGE_NAME "mysql++"
| #define PACKAGE_TARNAME "mysql++"
| #define PACKAGE_VERSION "3.2.5"
| #define PACKAGE_STRING "mysql++ 3.2.5"
| #define PACKAGE_BUGREPORT "plusplus@lists.mysql.com"
| #define PACKAGE_URL ""
| #define STDC_HEADERS 1
| #define HAVE_SYS_TYPES_H 1
| #define HAVE_SYS_STAT_H 1
| #define HAVE_STDLIB_H 1
| #define HAVE_STRING_H 1
| #define HAVE_MEMORY_H 1
| #define HAVE_STRINGS_H 1
| #define HAVE_INTTYPES_H 1
| #define HAVE_STDINT_H 1
| #define HAVE_UNISTD_H 1
| #define HAVE_DLFCN_H 1
| #define LT_OBJDIR ".libs/"
| #define STDC_HEADERS 1
| #define HAVE_POSIX_GETOPT /**/
| #define HAVE_LOCALTIME_R 1
| /* end confdefs.h.  */
| #include <slist>
| int
| main ()
| {
| slist<int> l
|   ;
|   return 0;
| }
configure:12142: g++ -c -g -O2  conftest.cpp >&5
conftest.cpp:24:10: fatal error: slist: No such file or directory
 #include <slist>
          ^~~~~~~
compilation terminated.
configure:12142: $? = 1
configure: failed program was:
| /* confdefs.h */
| #define PACKAGE_NAME "mysql++"
| #define PACKAGE_TARNAME "mysql++"
| #define PACKAGE_VERSION "3.2.5"
| #define PACKAGE_STRING "mysql++ 3.2.5"
| #define PACKAGE_BUGREPORT "plusplus@lists.mysql.com"
| #define PACKAGE_URL ""
| #define STDC_HEADERS 1
| #define HAVE_SYS_TYPES_H 1
| #define HAVE_SYS_STAT_H 1
| #define HAVE_STDLIB_H 1
| #define HAVE_STRING_H 1
| #define HAVE_MEMORY_H 1
| #define HAVE_STRINGS_H 1
| #define HAVE_INTTYPES_H 1
| #define HAVE_STDINT_H 1
| #define HAVE_UNISTD_H 1
| #define HAVE_DLFCN_H 1
| #define LT_OBJDIR ".libs/"
| #define STDC_HEADERS 1
| #define HAVE_POSIX_GETOPT /**/
| #define HAVE_LOCALTIME_R 1
| /* end confdefs.h.  */
| #include <slist>
| int
| main ()
| {
| std::slist<int> l
|   ;
|   return 0;
| }
configure:12167: g++ -c -g -O2  conftest.cpp >&5
configure:12167: $? = 0
configure:12183: result: <ext/slist>, namespace __gnu_cxx
configure:12201: checking whether we are using the Intel C compiler
configure:12221: gcc -c -g -O2  conftest.c >&5
conftest.c: In function 'main':
conftest.c:31:17: error: unknown type name 'choke'
                 choke me
                 ^~~~~
configure:12221: $? = 1
configure: failed program was:
| /* confdefs.h */
| #define PACKAGE_NAME "mysql++"
| #define PACKAGE_TARNAME "mysql++"
| #define PACKAGE_VERSION "3.2.5"
| #define PACKAGE_STRING "mysql++ 3.2.5"
| #define PACKAGE_BUGREPORT "plusplus@lists.mysql.com"
| #define PACKAGE_URL ""
| #define STDC_HEADERS 1
| #define HAVE_SYS_TYPES_H 1
| #define HAVE_SYS_STAT_H 1
| #define HAVE_STDLIB_H 1
| #define HAVE_STRING_H 1
| #define HAVE_MEMORY_H 1
| #define HAVE_STRINGS_H 1
| #define HAVE_INTTYPES_H 1
| #define HAVE_STDINT_H 1
| #define HAVE_UNISTD_H 1
| #define HAVE_DLFCN_H 1
| #define LT_OBJDIR ".libs/"
| #define STDC_HEADERS 1
| #define HAVE_POSIX_GETOPT /**/
| #define HAVE_LOCALTIME_R 1
| #define HAVE_EXT_SLIST 1
| /* end confdefs.h.  */
| 
| int
| main ()
| {
| 
|              #ifndef __INTEL_COMPILER
|                 choke me
|              #endif
| 
|   ;
|   return 0;
| }
configure:12231: result: no
configure:12767: checking whether we are using the Intel C++ compiler
configure:12787: g++ -c -g -O2  conftest.cpp >&5
conftest.cpp: In function 'int main()':
conftest.cpp:31:17: error: 'choke' was not declared in this scope
                 choke me
                 ^~~~~
configure:12787: $? = 1
configure: failed program was:
| /* confdefs.h */
| #define PACKAGE_NAME "mysql++"
| #define PACKAGE_TARNAME "mysql++"
| #define PACKAGE_VERSION "3.2.5"
| #define PACKAGE_STRING "mysql++ 3.2.5"
| #define PACKAGE_BUGREPORT "plusplus@lists.mysql.com"
| #define PACKAGE_URL ""
| #define STDC_HEADERS 1
| #define HAVE_SYS_TYPES_H 1
| #define HAVE_SYS_STAT_H 1
| #define HAVE_STDLIB_H 1
| #define HAVE_STRING_H 1
| #define HAVE_MEMORY_H 1
| #define HAVE_STRINGS_H 1
| #define HAVE_INTTYPES_H 1
| #define HAVE_STDINT_H 1
| #define HAVE_UNISTD_H 1
| #define HAVE_DLFCN_H 1
| #define LT_OBJDIR ".libs/"
| #define STDC_HEADERS 1
| #define HAVE_POSIX_GETOPT /**/
| #define HAVE_LOCALTIME_R 1
| #define HAVE_EXT_SLIST 1
| /* end confdefs.h.  */
| 
| int
| main ()
| {
| 
|              #ifndef __INTEL_COMPILER
|                 choke me
|              #endif
| 
|   ;
|   return 0;
| }
configure:12797: result: no
configure:13102: checking whether we are using the Sun C++ compiler
configure:13122: g++ -c -g -O2  conftest.cpp >&5
conftest.cpp: In function 'int main()':
conftest.cpp:31:17: error: 'choke' was not declared in this scope
                 choke me
                 ^~~~~
configure:13122: $? = 1
configure: failed program was:
| /* confdefs.h */
| #define PACKAGE_NAME "mysql++"
| #define PACKAGE_TARNAME "mysql++"
| #define PACKAGE_VERSION "3.2.5"
| #define PACKAGE_STRING "mysql++ 3.2.5"
| #define PACKAGE_BUGREPORT "plusplus@lists.mysql.com"
| #define PACKAGE_URL ""
| #define STDC_HEADERS 1
| #define HAVE_SYS_TYPES_H 1
| #define HAVE_SYS_STAT_H 1
| #define HAVE_STDLIB_H 1
| #define HAVE_STRING_H 1
| #define HAVE_MEMORY_H 1
| #define HAVE_STRINGS_H 1
| #define HAVE_INTTYPES_H 1
| #define HAVE_STDINT_H 1
| #define HAVE_UNISTD_H 1
| #define HAVE_DLFCN_H 1
| #define LT_OBJDIR ".libs/"
| #define STDC_HEADERS 1
| #define HAVE_POSIX_GETOPT /**/
| #define HAVE_LOCALTIME_R 1
| #define HAVE_EXT_SLIST 1
| /* end confdefs.h.  */
| 
| int
| main ()
| {
| 
|              #ifndef __SUNPRO_CC
|                 choke me
|              #endif
| 
|   ;
|   return 0;
| }
configure:13132: result: no
configure:13335: checking for a BSD-compatible install
configure:13403: result: /usr/bin/install -c
configure:13473: checking for ranlib
configure:13500: result: ranlib
configure:13523: checking whether ln -s works
configure:13527: result: yes
configure:13535: checking whether make sets $(MAKE)
configure:13557: result: yes
configure:13620: checking for ar
configure:13647: result: ar
configure:13716: checking for strip
configure:13743: result: strip
configure:13808: checking for nm
configure:13835: result: /usr/bin/nm -B
configure:13870: checking if make is GNU make
configure:13884: result: yes
configure:14390: checking for dependency tracking method
configure:14404: result: gcc
configure:14852: creating ./config.status

## ---------------------- ##
## Running config.status. ##
## ---------------------- ##

This file was extended by mysql++ config.status 3.2.5, which was
generated by GNU Autoconf 2.69.  Invocation command line was

  CONFIG_FILES    = 
  CONFIG_HEADERS  = 
  CONFIG_LINKS    = 
  CONFIG_COMMANDS = 
  $ ./config.status 

on debian

config.status:1182: creating doc/userman/userman.dbx
config.status:1182: creating install.hta
config.status:1182: creating lib/Doxyfile
config.status:1182: creating lib/mysql++.h
config.status:1182: creating ssx/Doxyfile
config.status:1182: creating abi.xml
config.status:1182: creating mysql++.spec
config.status:1182: creating Makefile
config.status:1182: creating version
config.status:1182: creating config.h
config.status:1371: executing libtool commands

## ---------------- ##
## Cache variables. ##
## ---------------- ##

ac_cv_build=x86_64-pc-linux-gnu
ac_cv_c_compiler_gnu=yes
ac_cv_cxx_compiler_gnu=yes
ac_cv_env_CCC_set=
ac_cv_env_CCC_value=
ac_cv_env_CC_set=
ac_cv_env_CC_value=
ac_cv_env_CFLAGS_set=
ac_cv_env_CFLAGS_value=
ac_cv_env_CPPFLAGS_set=
ac_cv_env_CPPFLAGS_value=
ac_cv_env_CPP_set=
ac_cv_env_CPP_value=
ac_cv_env_CXXCPP_set=
ac_cv_env_CXXCPP_value=
ac_cv_env_CXXFLAGS_set=
ac_cv_env_CXXFLAGS_value=
ac_cv_env_CXX_set=
ac_cv_env_CXX_value=
ac_cv_env_LDFLAGS_set=
ac_cv_env_LDFLAGS_value=
ac_cv_env_LIBS_set=
ac_cv_env_LIBS_value=
ac_cv_env_LT_SYS_LIBRARY_PATH_set=
ac_cv_env_LT_SYS_LIBRARY_PATH_value=
ac_cv_env_build_alias_set=
ac_cv_env_build_alias_value=
ac_cv_env_host_alias_set=
ac_cv_env_host_alias_value=
ac_cv_env_target_alias_set=
ac_cv_env_target_alias_value=
ac_cv_func_getopt=yes
ac_cv_header_dlfcn_h=yes
ac_cv_header_inttypes_h=yes
ac_cv_header_memory_h=yes
ac_cv_header_stdc=yes
ac_cv_header_stdint_h=yes
ac_cv_header_stdlib_h=yes
ac_cv_header_string_h=yes
ac_cv_header_strings_h=yes
ac_cv_header_sys_stat_h=yes
ac_cv_header_sys_types_h=yes
ac_cv_header_unistd_h=yes
ac_cv_host=x86_64-pc-linux-gnu
ac_cv_lib_intl_main=no
ac_cv_lib_mysqlclient___mysql_ssl_set=no
ac_cv_objext=o
ac_cv_path_EGREP='/usr/bin/grep -E'
ac_cv_path_FGREP='/usr/bin/grep -F'
ac_cv_path_GREP=/usr/bin/grep
ac_cv_path_SED=/usr/bin/sed
ac_cv_path_install='/usr/bin/install -c'
ac_cv_path_lt_DD=/usr/bin/dd
ac_cv_prog_AWK=gawk
ac_cv_prog_CPP='gcc -E'
ac_cv_prog_CXXCPP='g++ -E'
ac_cv_prog_ac_ct_AR=ar
ac_cv_prog_ac_ct_CC=gcc
ac_cv_prog_ac_ct_CXX=g++
ac_cv_prog_ac_ct_MANIFEST_TOOL=mt
ac_cv_prog_ac_ct_NM='/usr/bin/nm -B'
ac_cv_prog_ac_ct_OBJDUMP=objdump
ac_cv_prog_ac_ct_RANLIB=ranlib
ac_cv_prog_ac_ct_STRIP=strip
ac_cv_prog_cc_c89=
ac_cv_prog_cc_g=yes
ac_cv_prog_cxx_g=yes
ac_cv_prog_make_make_set=yes
ac_cv_target=x86_64-pc-linux-gnu
bakefile_cv_c_compiler___INTEL_COMPILER=no
bakefile_cv_cxx_compiler___INTEL_COMPILER=no
bakefile_cv_cxx_compiler___SUNPRO_CC=no
bakefile_cv_prog_makeisgnu=yes
lt_cv_ar_at_file=@
lt_cv_archive_cmds_need_lc=no
lt_cv_deplibs_check_method=pass_all
lt_cv_file_magic_cmd='$MAGIC_CMD'
lt_cv_file_magic_test_file=
lt_cv_ld_reload_flag=-r
lt_cv_nm_interface='BSD nm'
lt_cv_objdir=.libs
lt_cv_path_LD=/usr/bin/ld
lt_cv_path_LDCXX='/usr/bin/ld -m elf_x86_64'
lt_cv_path_NM='/usr/bin/nm -B'
lt_cv_path_mainfest_tool=no
lt_cv_prog_compiler_c_o=yes
lt_cv_prog_compiler_c_o_CXX=yes
lt_cv_prog_compiler_pic='-fPIC -DPIC'
lt_cv_prog_compiler_pic_CXX='-fPIC -DPIC'
lt_cv_prog_compiler_pic_works=yes
lt_cv_prog_compiler_pic_works_CXX=yes
lt_cv_prog_compiler_rtti_exceptions=no
lt_cv_prog_compiler_static_works=yes
lt_cv_prog_compiler_static_works_CXX=yes
lt_cv_prog_gnu_ld=yes
lt_cv_prog_gnu_ldcxx=yes
lt_cv_sharedlib_from_linklib_cmd='printf %s\n'
lt_cv_shlibpath_overrides_runpath=yes
lt_cv_sys_global_symbol_pipe='sed -n -e '\''s/^.*[	 ]\([ABCDGIRSTW][ABCDGIRSTW]*\)[	 ][	 ]*\([_A-Za-z][_A-Za-z0-9]*\)$/\1 \2 \2/p'\'' | sed '\''/ __gnu_lto/d'\'''
lt_cv_sys_global_symbol_to_c_name_address='sed -n -e '\''s/^: \(.*\) .*$/  {"\1", (void *) 0},/p'\'' -e '\''s/^[ABCDGIRSTW][ABCDGIRSTW]* .* \(.*\)$/  {"\1", (void *) \&\1},/p'\'''
lt_cv_sys_global_symbol_to_c_name_address_lib_prefix='sed -n -e '\''s/^: \(.*\) .*$/  {"\1", (void *) 0},/p'\'' -e '\''s/^[ABCDGIRSTW][ABCDGIRSTW]* .* \(lib.*\)$/  {"\1", (void *) \&\1},/p'\'' -e '\''s/^[ABCDGIRSTW][ABCDGIRSTW]* .* \(.*\)$/  {"lib\1", (void *) \&\1},/p'\'''
lt_cv_sys_global_symbol_to_cdecl='sed -n -e '\''s/^T .* \(.*\)$/extern int \1();/p'\'' -e '\''s/^[ABCDGIRSTW][ABCDGIRSTW]* .* \(.*\)$/extern char \1;/p'\'''
lt_cv_sys_global_symbol_to_import=
lt_cv_sys_max_cmd_len=1572864
lt_cv_to_host_file_cmd=func_convert_file_noop
lt_cv_to_tool_file_cmd=func_convert_file_noop
lt_cv_truncate_bin='/usr/bin/dd bs=4096 count=1'

## ----------------- ##
## Output variables. ##
## ----------------- ##

AIX_CXX_LD=''
AR='ar'
AROPTIONS='rc'
AWK='gawk'
BK_DEPS='/home/debian/Cprojects/cpp_example/mysql/mysql++/bk-deps'
CC='gcc'
CFLAGS='-g -O2'
COND_BUILD_debug='#'
COND_BUILD_release='#'
COND_DEPS_TRACKING_0='#'
COND_DEPS_TRACKING_1=''
COND_PLATFORM_MACOSX_0_USE_SOVERCYGWIN_0_USE_SOVERSION_1=''
COND_PLATFORM_MACOSX_0_USE_SOVERSION_1=''
COND_PLATFORM_MACOSX_1='#'
COND_PLATFORM_MACOSX_1_USE_SOVERSION_1='#'
COND_PLATFORM_OS2_1='#'
COND_USE_SOTWOSYMLINKS_1=''
COND_USE_SOVERCYGWIN_1_USE_SOVERSION_1='#'
COND_USE_SOVERLINUX_1=''
COND_USE_SOVERSION_0='#'
COND_USE_SOVERSION_1_USE_SOVERSOLARIS_1='#'
COND_USE_SOVERSOLARIS_1='#'
COND_WINDOWS_IMPLIB_1='#'
CPP='gcc -E'
CPPFLAGS=''
CXX='g++'
CXXCPP='g++ -E'
CXXFLAGS='-g -O2'
DEFS='-DHAVE_CONFIG_H'
DEPS_TRACKING='1'
DLLIMP_SUFFIX='so'
DLLPREFIX='lib'
DLLPREFIX_MODULE=''
DLLTOOL='false'
DSYMUTIL=''
DUMPBIN=''
ECHO_C=''
ECHO_N='-n'
ECHO_T=''
EGREP='/usr/bin/grep -E'
EXEEXT=''
FGREP='/usr/bin/grep -F'
GREP='/usr/bin/grep'
IF_GNU_MAKE=''
INSTALL_DATA='${INSTALL} -m 644'
INSTALL_DIR='mkdir -p'
INSTALL_PROGRAM='${INSTALL}'
INSTALL_SCRIPT='${INSTALL}'
LD='/usr/bin/ld -m elf_x86_64'
LDFLAGS=''
LDFLAGS_GUI=''
LIBEXT='.a'
LIBOBJS=''
LIBPREFIX='lib'
LIBS=''
LIBTOOL='$(SHELL) $(top_builddir)/libtool'
LIBTOOL_DEPS='./ltmain.sh'
LIPO=''
LN_S='ln -s'
LTLIBOBJS=''
LT_SYS_LIBRARY_PATH=''
MAKE_SET=''
MANIFEST_TOOL=':'
MYSQLPP_EXTRA_LIBS=''
MYSQLPP_VERSION_BUGFIX='5'
MYSQLPP_VERSION_MAJOR='3'
MYSQLPP_VERSION_MINOR='2'
MYSQL_C_INC_DIR='/usr/local/mysql/include'
MYSQL_C_LIB_DIR='/usr/local/mysql/lib'
MYSQL_C_LIB_NAME='mysqlclient'
NM='/usr/bin/nm -B'
NMEDIT=''
OBJCXXFLAGS=''
OBJDUMP='objdump'
OBJEXT='o'
OTOOL64=''
OTOOL=''
PACKAGE_BUGREPORT='plusplus@lists.mysql.com'
PACKAGE_NAME='mysql++'
PACKAGE_STRING='mysql++ 3.2.5'
PACKAGE_TARNAME='mysql++'
PACKAGE_URL=''
PACKAGE_VERSION='3.2.5'
PATH_SEPARATOR=':'
PIC_FLAG='-fPIC -DPIC'
PLATFORM_BEOS='0'
PLATFORM_MAC='0'
PLATFORM_MACOS='0'
PLATFORM_MACOSX='0'
PLATFORM_UNIX='1'
PLATFORM_WIN32='0'
PTHREAD_CC=''
PTHREAD_CFLAGS=''
PTHREAD_LIBS=''
RANLIB='ranlib'
SED='/usr/bin/sed'
SET_MAKE=''
SHARED_LD_CC='$(CC) -shared -fPIC -o'
SHARED_LD_CXX='$(CXX) -shared -fPIC -o'
SHARED_LD_MODULE_CC='$(CC) -shared -fPIC -o'
SHARED_LD_MODULE_CXX='$(CXX) -shared -fPIC -o'
SHELL='/bin/bash'
SONAME_FLAG='-Wl,-soname,'
SO_SUFFIX='so'
SO_SUFFIX_MODULE='so'
STRIP='strip'
USE_MACVERSION='0'
USE_SOTWOSYMLINKS='1'
USE_SOVERCYGWIN='0'
USE_SOVERLINUX='1'
USE_SOVERSION='1'
USE_SOVERSOLARIS='0'
WINDOWS_IMPLIB='0'
WINDRES=''
ac_ct_AR='ar'
ac_ct_CC='gcc'
ac_ct_CXX='g++'
ac_ct_DUMPBIN=''
acx_pthread_config=''
bindir='${exec_prefix}/bin'
build='x86_64-pc-linux-gnu'
build_alias=''
build_cpu='x86_64'
build_os='linux-gnu'
build_vendor='pc'
datadir='${datarootdir}'
datarootdir='${prefix}/share'
dlldir='${exec_prefix}/lib'
docdir='${datarootdir}/doc/${PACKAGE_TARNAME}'
dvidir='${docdir}'
exec_prefix='${prefix}'
host='x86_64-pc-linux-gnu'
host_alias=''
host_cpu='x86_64'
host_os='linux-gnu'
host_vendor='pc'
htmldir='${docdir}'
includedir='${prefix}/include'
infodir='${datarootdir}/info'
libdir='${exec_prefix}/lib'
libexecdir='${exec_prefix}/libexec'
localedir='${datarootdir}/locale'
localstatedir='${prefix}/var'
mandir='${datarootdir}/man'
oldincludedir='/usr/include'
pdfdir='${docdir}'
prefix='/usr/local'
program_transform_name='s,x,x,'
psdir='${docdir}'
sbindir='${exec_prefix}/sbin'
sharedstatedir='${prefix}/com'
sysconfdir='${prefix}/etc'
target='x86_64-pc-linux-gnu'
target_alias=''
target_cpu='x86_64'
target_os='linux-gnu'
target_vendor='pc'

## ----------- ##
## confdefs.h. ##
## ----------- ##

/* confdefs.h */
#define PACKAGE_NAME "mysql++"
#define PACKAGE_TARNAME "mysql++"
#define PACKAGE_VERSION "3.2.5"
#define PACKAGE_STRING "mysql++ 3.2.5"
#define PACKAGE_BUGREPORT "plusplus@lists.mysql.com"
#define PACKAGE_URL ""
#define STDC_HEADERS 1
#define HAVE_SYS_TYPES_H 1
#define HAVE_SYS_STAT_H 1
#define HAVE_STDLIB_H 1
#define HAVE_STRING_H 1
#define HAVE_MEMORY_H 1
#define HAVE_STRINGS_H 1
#define HAVE_INTTYPES_H 1
#define HAVE_STDINT_H 1
#define HAVE_UNISTD_H 1
#define HAVE_DLFCN_H 1
#define LT_OBJDIR ".libs/"
#define STDC_HEADERS 1
#define HAVE_POSIX_GETOPT /**/
#define HAVE_LOCALTIME_R 1
#define HAVE_EXT_SLIST 1

configure: exit 0
